<?xml version="1.0" encoding="UTF-8"?>
<testng-results skipped="0" failed="0" ignored="0" total="1" passed="1">
  <reporter-output>
  </reporter-output>
  <suite name="Default suite" duration-ms="24470" started-at="2020-03-15T08:04:40Z" finished-at="2020-03-15T08:05:05Z">
    <groups>
    </groups>
    <test name="Default test" duration-ms="24470" started-at="2020-03-15T08:04:40Z" finished-at="2020-03-15T08:05:05Z">
      <class name="day1.Test01">
        <test-method status="PASS" signature="launchApp()[pri:0, instance:day1.Test01@4f7d0008]" name="launchApp" is-config="true" duration-ms="24402" started-at="2020-03-15T08:04:40Z" finished-at="2020-03-15T08:05:05Z">
          <reporter-output>
          </reporter-output>
        </test-method> <!-- launchApp -->
        <test-method status="PASS" signature="open()[pri:0, instance:day1.Test01@4f7d0008]" name="open" duration-ms="8" started-at="2020-03-15T08:05:05Z" finished-at="2020-03-15T08:05:05Z">
          <reporter-output>
          </reporter-output>
        </test-method> <!-- open -->
      </class> <!-- day1.Test01 -->
    </test> <!-- Default test -->
  </suite> <!-- Default suite -->
</testng-results>
